WARNING: $PATH does not agree with $PATH_modshare counter. The following directories' usage counters were adjusted to match. Note that this may mean that module unloading may not work correctly.
 /opt/slurm/bin /hpc/eb/compilerwrappers/linkers /sw/arch/Debian10/EB_production/2020/software/Miniconda3/4.7.12.1 /sw/arch/Debian10/EB_production/2020/software/Miniconda3/4.7.12.1/bin /opt/slurm/sbin /hpc/eb/compilerwrappers/compilers
/var/spool/slurm/slurmd/job7174272/slurm_script: line 26: activate: No such file or directory
torch.Size([28, 1, 28, 28])
Using device cuda:0
torch.Size([28, 1, 28, 28])
torch.Size([28, 1, 28, 28])
torch.Size([28, 1, 28, 28])
torch.Size([28, 1, 28, 28])
torch.Size([28, 1, 28, 28])
torch.Size([28, 1, 28, 28])
torch.Size([28, 1, 28, 28])
torch.Size([28, 1, 28, 28])
torch.Size([28, 1, 28, 28])
torch.Size([28, 1, 28, 28])
torch.Size([28, 1, 28, 28])
torch.Size([28, 1, 28, 28])
torch.Size([28, 1, 28, 28])
torch.Size([28, 1, 28, 28])
torch.Size([28, 1, 28, 28])
torch.Size([28, 1, 28, 28])
torch.Size([28, 1, 28, 28])
torch.Size([28, 1, 28, 28])
torch.Size([28, 1, 28, 28])
torch.Size([28, 1, 28, 28])
torch.Size([28, 1, 28, 28])
torch.Size([28, 1, 28, 28])
torch.Size([28, 1, 28, 28])
torch.Size([28, 1, 28, 28])
torch.Size([28, 1, 28, 28])
Done
