WARNING: $PATH does not agree with $PATH_modshare counter. The following directories' usage counters were adjusted to match. Note that this may mean that module unloading may not work correctly.
 /opt/slurm/bin /hpc/eb/compilerwrappers/linkers /sw/arch/Debian10/EB_production/2020/software/Miniconda3/4.7.12.1 /sw/arch/Debian10/EB_production/2020/software/Miniconda3/4.7.12.1/bin /opt/slurm/sbin /hpc/eb/compilerwrappers/compilers
ERROR: Unable to locate a modulefile for 'Miniconda3/4.7.12.1'
/var/spool/slurm/slurmd/job7173831/slurm_script: line 18: activate: No such file or directory
Using device cuda:0
L_rec: 202.6878204345703, L_reg: 5.0201096534729, bpd: 0.3822183609008789
L_rec: 180.87295532226562, L_reg: 9.899300575256348, bpd: 0.3510538339614868
L_rec: 138.9794921875, L_reg: 15.053603172302246, bpd: 0.28344741463661194
L_rec: 131.5825958251953, L_reg: 17.250749588012695, bpd: 0.2738789916038513
L_rec: 114.66592407226562, L_reg: 19.43766212463379, bpd: 0.24677370488643646
L_rec: 106.4502944946289, L_reg: 21.02711296081543, bpd: 0.2345803827047348
L_rec: 101.229248046875, L_reg: 21.152183532714844, bpd: 0.22520288825035095
epoch = 1, loss = 0.23194272667169571
L_rec: 94.60789489746094, L_reg: 24.070756912231445, bpd: 0.21838916838169098
L_rec: 97.20442199707031, L_reg: 22.457059860229492, bpd: 0.22019773721694946
L_rec: 90.82684326171875, L_reg: 24.21591567993164, bpd: 0.2116984874010086
L_rec: 85.76901245117188, L_reg: 23.799484252929688, bpd: 0.20162490010261536
L_rec: 86.92852783203125, L_reg: 24.62393569946289, bpd: 0.2052757441997528
L_rec: 81.86769104003906, L_reg: 25.25143814086914, bpd: 0.1971176415681839
L_rec: 81.57321166992188, L_reg: 26.652742385864258, bpd: 0.19915437698364258
epoch = 2, loss = 0.20132205449044704
L_rec: 83.89004516601562, L_reg: 25.6153621673584, bpd: 0.2015088051557541
L_rec: 76.89283752441406, L_reg: 25.376861572265625, bpd: 0.18819387257099152
L_rec: 76.89328002929688, L_reg: 26.12308692932129, bpd: 0.18956784904003143
L_rec: 76.85692596435547, L_reg: 26.91826629638672, bpd: 0.1909642219543457
L_rec: 74.02194213867188, L_reg: 26.18936538696289, bpd: 0.18440605700016022
L_rec: 73.86746978759766, L_reg: 25.863821029663086, bpd: 0.18352274596691132
L_rec: 68.63427734375, L_reg: 26.490440368652344, bpd: 0.17504587769508362
epoch = 3, loss = 0.1898063249886036
L_rec: 65.2329330444336, L_reg: 27.26885414123535, bpd: 0.17021921277046204
L_rec: 70.16565704345703, L_reg: 27.525278091430664, bpd: 0.1797681450843811
L_rec: 70.68161010742188, L_reg: 27.328746795654297, bpd: 0.18035593628883362
L_rec: 66.60264587402344, L_reg: 26.851667404174805, bpd: 0.17197203636169434
L_rec: 71.42330932617188, L_reg: 27.771812438964844, bpd: 0.18253609538078308
L_rec: 65.78292846679688, L_reg: 27.965986251831055, bpd: 0.1725141555070877
L_rec: 67.9090347290039, L_reg: 27.354751586914062, bpd: 0.17530176043510437
epoch = 4, loss = 0.18334790877997875
L_rec: 65.42330932617188, L_reg: 28.239498138427734, bpd: 0.17235568165779114
L_rec: 66.32037353515625, L_reg: 27.775325775146484, bpd: 0.17315229773521423
L_rec: 66.3774642944336, L_reg: 28.012325286865234, bpd: 0.1736934632062912
L_rec: 65.99281311035156, L_reg: 28.546375274658203, bpd: 0.1739683896303177
L_rec: 64.91697692871094, L_reg: 28.303451538085938, bpd: 0.17154163122177124
L_rec: 69.69636535644531, L_reg: 28.60160255432129, bpd: 0.1808851808309555
L_rec: 65.58004760742188, L_reg: 29.22254180908203, bpd: 0.17445307970046997
epoch = 5, loss = 0.17884819246828557
L_rec: 62.555179595947266, L_reg: 27.905139923095703, bpd: 0.16646257042884827
L_rec: 62.03511047363281, L_reg: 28.357322692871094, bpd: 0.16633763909339905
L_rec: 63.90373992919922, L_reg: 27.715652465820312, bpd: 0.16859546303749084
L_rec: 64.12901306152344, L_reg: 29.024070739746094, bpd: 0.1714177131652832
L_rec: 64.99688720703125, L_reg: 28.3309326171875, bpd: 0.17173925042152405
L_rec: 62.41503143310547, L_reg: 28.729890823364258, bpd: 0.16772234439849854
L_rec: 61.98925018310547, L_reg: 29.164934158325195, bpd: 0.1677393913269043
epoch = 6, loss = 0.17615515626966954
L_rec: 66.55722045898438, L_reg: 28.513347625732422, bpd: 0.17494621872901917
L_rec: 63.41156005859375, L_reg: 28.54827308654785, bpd: 0.1692219376564026
L_rec: 58.91957092285156, L_reg: 28.638439178466797, bpd: 0.16112181544303894
L_rec: 60.59376907348633, L_reg: 29.626379013061523, bpd: 0.16602060198783875
L_rec: 62.14908981323242, L_reg: 28.117067337036133, bpd: 0.1661052703857422
L_rec: 64.04580688476562, L_reg: 28.551925659179688, bpd: 0.17039576172828674
L_rec: 63.07801818847656, L_reg: 28.75177574157715, bpd: 0.1689826399087906
epoch = 7, loss = 0.17403062172234057
L_rec: 63.88697052001953, L_reg: 29.184038162231445, bpd: 0.17126668989658356
L_rec: 58.63982391357422, L_reg: 28.880340576171875, bpd: 0.1610521674156189
L_rec: 57.56004333496094, L_reg: 29.802818298339844, bpd: 0.1607627123594284
L_rec: 58.41682052612305, L_reg: 28.909984588623047, bpd: 0.1606963574886322
L_rec: 59.51401138305664, L_reg: 28.754709243774414, bpd: 0.16242963075637817
L_rec: 59.35780334472656, L_reg: 28.32378387451172, bpd: 0.16134920716285706
L_rec: 61.56378936767578, L_reg: 29.14339828491211, bpd: 0.1669168472290039
epoch = 8, loss = 0.172588325291872
L_rec: 61.524322509765625, L_reg: 28.67681121826172, bpd: 0.1659856140613556
L_rec: 62.251522064208984, L_reg: 29.302146911621094, bpd: 0.16847451031208038
L_rec: 62.52439880371094, L_reg: 28.3780574798584, bpd: 0.16727617383003235
L_rec: 60.70027160644531, L_reg: 29.063064575195312, bpd: 0.1651799976825714
L_rec: 59.7847900390625, L_reg: 29.084293365478516, bpd: 0.16353441774845123
L_rec: 58.23486328125, L_reg: 29.923208236694336, bpd: 0.16222603619098663
L_rec: 62.363704681396484, L_reg: 29.940505981445312, bpd: 0.16985562443733215
epoch = 9, loss = 0.1707644581794739
L_rec: 61.42821502685547, L_reg: 29.347549438476562, bpd: 0.1670430600643158
L_rec: 62.659149169921875, L_reg: 28.252073287963867, bpd: 0.1672922968864441
L_rec: 60.21794128417969, L_reg: 28.366518020629883, bpd: 0.16301065683364868
L_rec: 58.96373748779297, L_reg: 29.32602310180664, bpd: 0.16246835887432098
L_rec: 60.5699462890625, L_reg: 30.378128051757812, bpd: 0.1673601120710373
L_rec: 66.68620300292969, L_reg: 29.694679260253906, bpd: 0.17735743522644043
L_rec: 56.66757583618164, L_reg: 29.532081604003906, bpd: 0.15862220525741577
epoch = 10, loss = 0.1698888398706913
L_rec: 56.302703857421875, L_reg: 28.89617919921875, bpd: 0.15678061544895172
L_rec: 59.219322204589844, L_reg: 29.69423484802246, bpd: 0.16361625492572784
L_rec: 60.45762634277344, L_reg: 29.527042388916016, bpd: 0.16558727622032166
L_rec: 60.162845611572266, L_reg: 29.823389053344727, bpd: 0.16559016704559326
L_rec: 59.8447380065918, L_reg: 29.00264549255371, bpd: 0.16349448263645172
L_rec: 55.23124694824219, L_reg: 29.798477172851562, bpd: 0.15646933019161224
L_rec: 59.221763610839844, L_reg: 29.543773651123047, bpd: 0.1633438766002655
epoch = 11, loss = 0.16924920491874218
L_rec: 57.99089813232422, L_reg: 29.8143310546875, bpd: 0.1615767478942871
L_rec: 56.29227066040039, L_reg: 29.707021713256836, bpd: 0.1582535058259964
L_rec: 56.329593658447266, L_reg: 29.173669815063477, bpd: 0.15734073519706726
L_rec: 56.75189208984375, L_reg: 30.832935333251953, bpd: 0.16117116808891296
L_rec: 53.952232360839844, L_reg: 29.31376838684082, bpd: 0.15322378277778625
L_rec: 55.42144012451172, L_reg: 29.696521759033203, bpd: 0.1566317081451416
L_rec: 55.85863494873047, L_reg: 29.392349243164062, bpd: 0.15687650442123413
epoch = 12, loss = 0.16872676312923432
L_rec: 54.54480743408203, L_reg: 29.427852630615234, bpd: 0.15452414751052856
L_rec: 55.78270721435547, L_reg: 29.897119522094727, bpd: 0.15766564011573792
L_rec: 55.38916778564453, L_reg: 29.900978088378906, bpd: 0.15694855153560638
L_rec: 56.93547821044922, L_reg: 29.666467666625977, bpd: 0.15936249494552612
L_rec: 55.00578308105469, L_reg: 30.278173446655273, bpd: 0.1569371521472931
L_rec: 59.53449249267578, L_reg: 28.919540405273438, bpd: 0.16277065873146057
L_rec: 55.669036865234375, L_reg: 29.041175842285156, bpd: 0.1558813750743866
epoch = 13, loss = 0.1680268943309784
L_rec: 57.2548713684082, L_reg: 29.213415145874023, bpd: 0.15911653637886047
L_rec: 56.80043411254883, L_reg: 29.292564392089844, bpd: 0.1584259569644928
L_rec: 59.375762939453125, L_reg: 29.211671829223633, bpd: 0.16301614046096802
L_rec: 57.28318786621094, L_reg: 29.025802612304688, bpd: 0.1588234156370163
L_rec: 52.250953674316406, L_reg: 29.077056884765625, bpd: 0.14965753257274628
L_rec: 57.420677185058594, L_reg: 30.425636291503906, bpd: 0.1616523414850235
L_rec: 56.72331237792969, L_reg: 29.32000160217285, bpd: 0.15833449363708496
epoch = 14, loss = 0.16751112341880797
L_rec: 53.387229919433594, L_reg: 29.371158599853516, bpd: 0.15228968858718872
L_rec: 53.44409942626953, L_reg: 29.214412689208984, bpd: 0.1521058976650238
L_rec: 57.319793701171875, L_reg: 29.189443588256836, bpd: 0.15919189155101776
L_rec: 54.71339416503906, L_reg: 29.904930114746094, bpd: 0.15571229159832
L_rec: 56.930152893066406, L_reg: 29.643733978271484, bpd: 0.15931084752082825
L_rec: 57.66844940185547, L_reg: 29.507158279418945, bpd: 0.16041813790798187
L_rec: 56.755191802978516, L_reg: 29.430437088012695, bpd: 0.15859639644622803
epoch = 15, loss = 0.16653186604380607
L_rec: 54.292884826660156, L_reg: 29.308406829833984, bpd: 0.1538407802581787
L_rec: 59.65930938720703, L_reg: 31.06073760986328, bpd: 0.16694051027297974
L_rec: 53.65966796875, L_reg: 30.308805465698242, bpd: 0.15451645851135254
L_rec: 56.455013275146484, L_reg: 29.52531623840332, bpd: 0.1582186222076416
L_rec: 57.55669403076172, L_reg: 31.290939331054688, bpd: 0.16349494457244873
L_rec: 57.72659683227539, L_reg: 29.32558822631836, bpd: 0.16019101440906525
L_rec: 57.10421371459961, L_reg: 30.355167388916016, bpd: 0.16094031929969788
epoch = 16, loss = 0.16632651276886462
L_rec: 58.461673736572266, L_reg: 30.198959350585938, bpd: 0.1631508320569992
L_rec: 54.94017028808594, L_reg: 30.546585083007812, bpd: 0.157310351729393
L_rec: 56.44538116455078, L_reg: 30.40384292602539, bpd: 0.15981751680374146
L_rec: 57.915771484375, L_reg: 30.18461799621582, bpd: 0.16211989521980286
L_rec: 54.954925537109375, L_reg: 30.436885833740234, bpd: 0.15713563561439514
L_rec: 56.683807373046875, L_reg: 29.52157974243164, bpd: 0.15863275527954102
L_rec: 56.18648147583008, L_reg: 30.523818969726562, bpd: 0.159561887383461
epoch = 17, loss = 0.16596585102379321
L_rec: 53.43754577636719, L_reg: 28.885475158691406, bpd: 0.1514885425567627
L_rec: 54.88357162475586, L_reg: 29.39217185974121, bpd: 0.1550818830728531
L_rec: 54.46162414550781, L_reg: 30.46941375732422, bpd: 0.15628772974014282
L_rec: 54.607704162597656, L_reg: 30.83382797241211, bpd: 0.15722712874412537
L_rec: 56.170135498046875, L_reg: 30.649127960205078, bpd: 0.1597623974084854
L_rec: 56.006103515625, L_reg: 30.14910125732422, bpd: 0.15854041278362274
L_rec: 55.68838119506836, L_reg: 29.931455612182617, bpd: 0.1575552374124527
epoch = 18, loss = 0.1655167005956173
L_rec: 53.04974365234375, L_reg: 30.71417236328125, bpd: 0.15414002537727356
L_rec: 52.616355895996094, L_reg: 29.95496368408203, bpd: 0.15194544196128845
L_rec: 54.11692810058594, L_reg: 29.369407653808594, bpd: 0.15362924337387085
L_rec: 52.05702209472656, L_reg: 30.773191452026367, bpd: 0.15242184698581696
L_rec: 55.950347900390625, L_reg: 30.187456130981445, bpd: 0.15850839018821716
L_rec: 52.01598358154297, L_reg: 29.66925811767578, bpd: 0.15031491219997406
L_rec: 55.879432678222656, L_reg: 29.706897735595703, bpd: 0.15749359130859375
epoch = 19, loss = 0.1652702998369932
L_rec: 54.90034866333008, L_reg: 30.86797523498535, bpd: 0.15782848000526428
L_rec: 52.50633239746094, L_reg: 29.679222106933594, bpd: 0.15123558044433594
L_rec: 54.12702178955078, L_reg: 30.01900863647461, bpd: 0.15484318137168884
L_rec: 53.63746643066406, L_reg: 30.08945083618164, bpd: 0.15407195687294006
L_rec: 53.72747802734375, L_reg: 30.019390106201172, bpd: 0.1541086584329605
L_rec: 56.05400085449219, L_reg: 30.740192413330078, bpd: 0.15971626341342926
L_rec: 56.136268615722656, L_reg: 29.783893585205078, bpd: 0.1581079065799713
epoch = 20, loss = 0.16480106189846994
L_rec: 53.20012664794922, L_reg: 30.66206169128418, bpd: 0.1543208658695221
L_rec: 53.985694885253906, L_reg: 30.65945053100586, bpd: 0.15576164424419403
L_rec: 53.797210693359375, L_reg: 30.578929901123047, bpd: 0.15526661276817322
L_rec: 53.61247634887695, L_reg: 30.35438346862793, bpd: 0.15451347827911377
L_rec: 55.221031188964844, L_reg: 31.128036499023438, bpd: 0.15889714658260345
L_rec: 53.879085540771484, L_reg: 30.457805633544922, bpd: 0.15519440174102783
L_rec: 54.109619140625, L_reg: 30.228221893310547, bpd: 0.1551961451768875
epoch = 21, loss = 0.16540558598935604
L_rec: 53.840667724609375, L_reg: 30.409835815429688, bpd: 0.15503543615341187
L_rec: 53.52713394165039, L_reg: 30.960689544677734, bpd: 0.15547214448451996
L_rec: 52.996089935302734, L_reg: 30.71603775024414, bpd: 0.1540447175502777
L_rec: 51.81556701660156, L_reg: 29.693546295166016, bpd: 0.14999079704284668
L_rec: 52.68693923950195, L_reg: 29.83064842224121, bpd: 0.15184655785560608
L_rec: 51.971466064453125, L_reg: 30.889318466186523, bpd: 0.15247811377048492
L_rec: 52.58075714111328, L_reg: 29.985692977905273, bpd: 0.15193647146224976
epoch = 22, loss = 0.16411341913044453
L_rec: 50.525306701660156, L_reg: 29.827747344970703, bpd: 0.1478634476661682
L_rec: 47.889007568359375, L_reg: 28.724775314331055, bpd: 0.14098256826400757
L_rec: 55.531105041503906, L_reg: 30.65247344970703, bpd: 0.1585926115512848
L_rec: 53.604469299316406, L_reg: 30.442007064819336, bpd: 0.15465998649597168
L_rec: 57.70120620727539, L_reg: 30.405353546142578, bpd: 0.16213123500347137
L_rec: 51.56590270996094, L_reg: 30.150230407714844, bpd: 0.1503717601299286
L_rec: 52.66565704345703, L_reg: 30.278099060058594, bpd: 0.1526307761669159
epoch = 23, loss = 0.16477525569498538
L_rec: 53.891361236572266, L_reg: 30.486377716064453, bpd: 0.1552695631980896
L_rec: 55.118167877197266, L_reg: 29.676563262939453, bpd: 0.15603691339492798
L_rec: 51.565650939941406, L_reg: 30.335376739501953, bpd: 0.15071198344230652
L_rec: 53.50831604003906, L_reg: 31.872133255004883, bpd: 0.15711474418640137
L_rec: 51.933311462402344, L_reg: 31.274633407592773, bpd: 0.15311694145202637
L_rec: 51.455291748046875, L_reg: 30.044408798217773, bpd: 0.14997348189353943
L_rec: 51.131797790527344, L_reg: 30.713272094726562, bpd: 0.15060903131961823
epoch = 24, loss = 0.1638188071548939
L_rec: 49.951332092285156, L_reg: 31.471101760864258, bpd: 0.14983130991458893
L_rec: 53.161102294921875, L_reg: 30.437108993530273, bpd: 0.15383510291576385
L_rec: 49.212242126464844, L_reg: 30.39224624633789, bpd: 0.14648595452308655
L_rec: 50.225242614746094, L_reg: 30.767765045166016, bpd: 0.149041086435318
L_rec: 55.741336822509766, L_reg: 30.162818908691406, bpd: 0.15807844698429108
L_rec: 51.512718200683594, L_reg: 29.796295166015625, bpd: 0.1496225744485855
L_rec: 52.96751403808594, L_reg: 30.500886917114258, bpd: 0.15359623730182648
epoch = 25, loss = 0.16364813782274723
L_rec: 50.644500732421875, L_reg: 30.910873413085938, bpd: 0.15007594227790833
L_rec: 52.31947326660156, L_reg: 30.44924545288086, bpd: 0.15230870246887207
L_rec: 48.83310317993164, L_reg: 29.30885887145996, bpd: 0.14379467070102692
L_rec: 53.60432434082031, L_reg: 30.780406951904297, bpd: 0.15528243780136108
L_rec: 52.268798828125, L_reg: 30.355342864990234, bpd: 0.15204265713691711
L_rec: 52.71662902832031, L_reg: 30.983531951904297, bpd: 0.1540226936340332
L_rec: 55.93900680541992, L_reg: 31.299291610717773, bpd: 0.16053348779678345
epoch = 26, loss = 0.1634654089808464
L_rec: 53.573577880859375, L_reg: 30.216392517089844, bpd: 0.15418796241283417
L_rec: 50.544837951660156, L_reg: 31.03927230834961, bpd: 0.1501288115978241
L_rec: 50.96003723144531, L_reg: 30.336467742919922, bpd: 0.1495995670557022
L_rec: 50.97174835205078, L_reg: 30.495302200317383, bpd: 0.14991340041160583
L_rec: 53.46998977661133, L_reg: 31.07770538330078, bpd: 0.15558230876922607
L_rec: 54.44917297363281, L_reg: 30.827184677124023, bpd: 0.15692317485809326
L_rec: 56.4775390625, L_reg: 31.16019058227539, bpd: 0.16126853227615356
epoch = 27, loss = 0.1634543776512146
L_rec: 49.460121154785156, L_reg: 30.621442794799805, bpd: 0.14736387133598328
L_rec: 53.09064483642578, L_reg: 30.804309844970703, bpd: 0.1543811559677124
L_rec: 58.012062072753906, L_reg: 31.80253028869629, bpd: 0.16527430713176727
L_rec: 49.217647552490234, L_reg: 31.0172061920166, bpd: 0.1476459503173828
L_rec: 51.096824645996094, L_reg: 31.097576141357422, bpd: 0.15125185251235962
L_rec: 55.81739044189453, L_reg: 29.908750534057617, bpd: 0.15775085985660553
L_rec: 48.29481887817383, L_reg: 30.238662719726562, bpd: 0.14451512694358826
epoch = 28, loss = 0.16375549808144568
L_rec: 52.51246643066406, L_reg: 31.053871154785156, bpd: 0.15377646684646606
L_rec: 50.102989196777344, L_reg: 29.762691497802734, bpd: 0.1469666063785553
L_rec: 52.15847396850586, L_reg: 31.555795669555664, bpd: 0.15404866635799408
L_rec: 52.69580078125, L_reg: 30.813488006591797, bpd: 0.1536714732646942
L_rec: 54.68372344970703, L_reg: 30.237651824951172, bpd: 0.15626993775367737
L_rec: 51.17970275878906, L_reg: 30.80319595336914, bpd: 0.1508626639842987
L_rec: 52.1339111328125, L_reg: 30.608966827392578, bpd: 0.1522611379623413
epoch = 29, loss = 0.16292763091623783
L_rec: 55.98716354370117, L_reg: 31.362091064453125, bpd: 0.16073766350746155
L_rec: 54.19344711303711, L_reg: 30.99494743347168, bpd: 0.1567613035440445
L_rec: 52.633541107177734, L_reg: 30.331132888793945, bpd: 0.1526692807674408
L_rec: 50.487159729003906, L_reg: 31.232147216796875, bpd: 0.15037760138511658
L_rec: 47.58580780029297, L_reg: 29.648059844970703, bpd: 0.14212360978126526
L_rec: 52.7918815612793, L_reg: 30.57635498046875, bpd: 0.1534118950366974
L_rec: 51.9689826965332, L_reg: 30.626554489135742, bpd: 0.15199001133441925
epoch = 30, loss = 0.1630912497639656
L_rec: 54.392974853515625, L_reg: 32.157745361328125, bpd: 0.15926823019981384
L_rec: 49.35541534423828, L_reg: 30.676664352416992, bpd: 0.14727279543876648
L_rec: 48.80276870727539, L_reg: 30.757110595703125, bpd: 0.14640387892723083
L_rec: 50.879783630371094, L_reg: 30.256027221679688, bpd: 0.1493038684129715
L_rec: 52.602943420410156, L_reg: 29.928483963012695, bpd: 0.15187203884124756
L_rec: 52.737648010253906, L_reg: 31.043615341186523, bpd: 0.15417195856571198
L_rec: 51.985931396484375, L_reg: 30.180557250976562, bpd: 0.15120047330856323
epoch = 31, loss = 0.16264754645526408
L_rec: 53.598548889160156, L_reg: 31.463335037231445, bpd: 0.156528502702713
L_rec: 52.171119689941406, L_reg: 30.3382625579834, bpd: 0.1518314629793167
L_rec: 49.24522399902344, L_reg: 30.195171356201172, bpd: 0.1461840122938156
L_rec: 50.2314453125, L_reg: 30.6275691986084, bpd: 0.1487945169210434
L_rec: 48.80348205566406, L_reg: 30.031734466552734, bpd: 0.1450703740119934
L_rec: 51.39872360229492, L_reg: 30.342294692993164, bpd: 0.15041755139827728
L_rec: 53.15271759033203, L_reg: 30.814971923828125, bpd: 0.15451499819755554
epoch = 32, loss = 0.16335003040730953
L_rec: 49.904014587402344, L_reg: 30.857654571533203, bpd: 0.14861537516117096
L_rec: 50.250099182128906, L_reg: 31.46451187133789, bpd: 0.15036895871162415
L_rec: 51.399139404296875, L_reg: 29.977672576904297, bpd: 0.1497473418712616
L_rec: 53.560646057128906, L_reg: 31.126575469970703, bpd: 0.15583905577659607
L_rec: 52.450889587402344, L_reg: 31.00831413269043, bpd: 0.15357929468154907
L_rec: 52.003658294677734, L_reg: 31.36530113220215, bpd: 0.15341323614120483
L_rec: 52.88871765136719, L_reg: 32.17853546142578, bpd: 0.15653839707374573
epoch = 33, loss = 0.16263384707272052
L_rec: 49.334327697753906, L_reg: 30.971446990966797, bpd: 0.14777645468711853
L_rec: 51.201881408691406, L_reg: 30.826520919799805, bpd: 0.15094637870788574
L_rec: 47.8570556640625, L_reg: 30.540016174316406, bpd: 0.1442641168832779
L_rec: 51.21626281738281, L_reg: 31.595985412597656, bpd: 0.152388796210289
L_rec: 53.62773895263672, L_reg: 30.75353240966797, bpd: 0.15527606010437012
L_rec: 51.140289306640625, L_reg: 29.991138458251953, bpd: 0.14929580688476562
L_rec: 48.01417541503906, L_reg: 30.192262649536133, bpd: 0.14391331374645233
epoch = 34, loss = 0.16256103701889515
L_rec: 48.49580764770508, L_reg: 30.72208595275879, bpd: 0.14577457308769226
L_rec: 50.98113250732422, L_reg: 30.354236602783203, bpd: 0.14967109262943268
L_rec: 51.233585357666016, L_reg: 30.441619873046875, bpd: 0.1502964347600937
L_rec: 53.052642822265625, L_reg: 30.396055221557617, bpd: 0.15355998277664185
L_rec: 48.392425537109375, L_reg: 29.6737117767334, bpd: 0.14365515112876892
L_rec: 50.29772186279297, L_reg: 29.42351531982422, bpd: 0.14670079946517944
L_rec: 46.83400344848633, L_reg: 29.21636962890625, bpd: 0.13994577527046204
epoch = 35, loss = 0.16217793188989163
L_rec: 50.694854736328125, L_reg: 31.436527252197266, bpd: 0.1511358916759491
L_rec: 53.957542419433594, L_reg: 31.152088165283203, bpd: 0.15661637485027313
L_rec: 49.854129791259766, L_reg: 31.68671989440918, bpd: 0.15004920959472656
L_rec: 48.05962371826172, L_reg: 29.701099395751953, bpd: 0.14309310913085938
L_rec: 48.31640625, L_reg: 30.516067504882812, bpd: 0.1450653225183487
L_rec: 52.32636260986328, L_reg: 31.049087524414062, bpd: 0.1534251868724823
L_rec: 48.3548469543457, L_reg: 30.439556121826172, bpd: 0.14499527215957642
epoch = 36, loss = 0.16210728846490383
L_rec: 49.78125, L_reg: 32.170799255371094, bpd: 0.15080587565898895
L_rec: 50.778228759765625, L_reg: 31.02935218811035, bpd: 0.15054002404212952
L_rec: 52.11744689941406, L_reg: 30.86166000366211, bpd: 0.15269584953784943
L_rec: 47.98888397216797, L_reg: 30.689502716064453, bpd: 0.14478179812431335
L_rec: 47.83340072631836, L_reg: 30.064088821411133, bpd: 0.14334478974342346
L_rec: 49.88508605957031, L_reg: 30.314393997192383, bpd: 0.14758086204528809
L_rec: 52.60968780517578, L_reg: 30.818115234375, bpd: 0.15352153778076172
epoch = 37, loss = 0.1623589426279068
L_rec: 51.20887756347656, L_reg: 30.60767364501953, bpd: 0.1505565345287323
L_rec: 52.8712043762207, L_reg: 31.405975341796875, bpd: 0.1550845205783844
L_rec: 51.105690002441406, L_reg: 30.356170654296875, bpd: 0.14990384876728058
L_rec: 47.20477294921875, L_reg: 30.18796157836914, bpd: 0.14241597056388855
L_rec: 50.882164001464844, L_reg: 31.952117919921875, bpd: 0.15242932736873627
L_rec: 50.19110107421875, L_reg: 31.3331241607666, bpd: 0.1500186175107956
L_rec: 52.99913787841797, L_reg: 31.51209259033203, bpd: 0.15551522374153137
epoch = 38, loss = 0.16185777001082896
L_rec: 51.67897033691406, L_reg: 31.53691864013672, bpd: 0.15313155949115753
L_rec: 50.57863235473633, L_reg: 30.57627296447754, bpd: 0.1493389904499054
L_rec: 49.41734313964844, L_reg: 30.295066833496094, bpd: 0.14668455719947815
L_rec: 51.91413879394531, L_reg: 30.996288299560547, bpd: 0.1525694578886032
L_rec: 50.781612396240234, L_reg: 31.4252986907959, bpd: 0.1512748748064041
L_rec: 50.173973083496094, L_reg: 30.547273635864258, bpd: 0.14854098856449127
L_rec: 53.01689147949219, L_reg: 30.969959259033203, bpd: 0.15455026924610138
epoch = 39, loss = 0.16188502945005895
L_rec: 50.612083435058594, L_reg: 31.25275421142578, bpd: 0.1506453901529312
L_rec: 52.31748962402344, L_reg: 31.02814292907715, bpd: 0.15337032079696655
L_rec: 51.046607971191406, L_reg: 31.52566146850586, bpd: 0.15194720029830933
L_rec: 47.500709533691406, L_reg: 30.43207359313965, bpd: 0.14340972900390625
L_rec: 52.59437561035156, L_reg: 31.674480438232422, bpd: 0.15506920218467712
L_rec: 50.61042785644531, L_reg: 31.840225219726562, bpd: 0.15172339975833893
L_rec: 47.280120849609375, L_reg: 30.758821487426758, bpd: 0.1436050832271576
epoch = 40, loss = 0.16163014508783818
L_rec: 53.902099609375, L_reg: 31.21428680419922, bpd: 0.15662881731987
L_rec: 50.636688232421875, L_reg: 31.332387924194336, bpd: 0.15083721280097961
L_rec: 48.81756591796875, L_reg: 31.99140739440918, bpd: 0.14870242774486542
L_rec: 53.954498291015625, L_reg: 30.22929573059082, bpd: 0.15491268038749695
L_rec: 52.053985595703125, L_reg: 31.531536102294922, bpd: 0.1538117527961731
L_rec: 50.11061477661133, L_reg: 31.310134887695312, bpd: 0.1498282104730606
L_rec: 49.24114990234375, L_reg: 30.515609741210938, bpd: 0.14676617085933685
epoch = 41, loss = 0.16202690005302428
L_rec: 48.789466857910156, L_reg: 30.235759735107422, bpd: 0.14542001485824585
L_rec: 51.801063537597656, L_reg: 31.540935516357422, bpd: 0.15336361527442932
L_rec: 49.261505126953125, L_reg: 30.323787689208984, bpd: 0.14645063877105713
L_rec: 48.41917037963867, L_reg: 31.324661254882812, bpd: 0.14674237370491028
L_rec: 49.78076171875, L_reg: 30.41232681274414, bpd: 0.14756909012794495
L_rec: 49.8587646484375, L_reg: 31.43602752685547, bpd: 0.1495964229106903
L_rec: 50.98824691772461, L_reg: 30.542678833007812, bpd: 0.1500309407711029
epoch = 42, loss = 0.16193485595285892
L_rec: 49.83757019042969, L_reg: 30.645435333251953, bpd: 0.14810258150100708
L_rec: 49.953914642333984, L_reg: 31.070068359375, bpd: 0.14909806847572327
L_rec: 51.89169692993164, L_reg: 31.521696090698242, bpd: 0.15349501371383667
L_rec: 50.59380340576172, L_reg: 29.744022369384766, bpd: 0.14783541858196259
L_rec: 54.56071853637695, L_reg: 31.62989044189453, bpd: 0.15860557556152344
L_rec: 50.133216857910156, L_reg: 30.75589370727539, bpd: 0.14884987473487854
L_rec: 51.11740493774414, L_reg: 30.79140853881836, bpd: 0.1507263332605362
epoch = 43, loss = 0.1616893880069256
L_rec: 45.78846740722656, L_reg: 31.584400177001953, bpd: 0.14237940311431885
L_rec: 53.38701629638672, L_reg: 31.29601287841797, bpd: 0.15583135187625885
L_rec: 49.45170593261719, L_reg: 31.398591995239258, bpd: 0.14877846837043762
L_rec: 50.53374481201172, L_reg: 32.456634521484375, bpd: 0.15271657705307007
L_rec: 47.09130859375, L_reg: 31.305068969726562, bpd: 0.14426283538341522
L_rec: 51.644405364990234, L_reg: 30.922931671142578, bpd: 0.15193811058998108
L_rec: 52.8802490234375, L_reg: 31.146060943603516, bpd: 0.154622882604599
epoch = 44, loss = 0.16220926083624362
L_rec: 46.71866989135742, L_reg: 30.852291107177734, bpd: 0.14274391531944275
L_rec: 50.6825065612793, L_reg: 31.26950454711914, bpd: 0.15080583095550537
L_rec: 48.53839111328125, L_reg: 31.388996124267578, bpd: 0.14708015322685242
L_rec: 53.690616607666016, L_reg: 32.25429916381836, bpd: 0.1581534445285797
L_rec: 50.705772399902344, L_reg: 31.48721694946289, bpd: 0.1512492448091507
L_rec: 52.80511474609375, L_reg: 31.586181640625, bpd: 0.1552945077419281
L_rec: 48.818267822265625, L_reg: 31.034345626831055, bpd: 0.14694257080554962
epoch = 45, loss = 0.16171410195529462
L_rec: 47.44476318359375, L_reg: 31.328805923461914, bpd: 0.14495691657066345
L_rec: 49.26919937133789, L_reg: 31.07068634033203, bpd: 0.14783921837806702
L_rec: 51.53693389892578, L_reg: 31.418865203857422, bpd: 0.15265294909477234
L_rec: 46.481590270996094, L_reg: 30.51143455505371, bpd: 0.14168041944503784
L_rec: 46.751434326171875, L_reg: 31.81241226196289, bpd: 0.14457100629806519
L_rec: 50.822750091552734, L_reg: 32.22949981689453, bpd: 0.15283043682575226
L_rec: 49.95557403564453, L_reg: 31.218982696533203, bpd: 0.14937515556812286
epoch = 46, loss = 0.16135285124182702
L_rec: 45.8414306640625, L_reg: 30.892616271972656, bpd: 0.1412038654088974
L_rec: 48.240562438964844, L_reg: 30.729957580566406, bpd: 0.14531934261322021
L_rec: 49.731689453125, L_reg: 31.57705307006836, bpd: 0.1496220827102661
L_rec: 50.0634765625, L_reg: 30.779251098632812, bpd: 0.14876455068588257
L_rec: 50.29541015625, L_reg: 30.92057991027832, bpd: 0.14945140480995178
L_rec: 48.014678955078125, L_reg: 30.48348617553711, bpd: 0.1444501280784607
L_rec: 50.05029296875, L_reg: 31.136981964111328, bpd: 0.1493985652923584
epoch = 47, loss = 0.1613185577094555
L_rec: 49.63379669189453, L_reg: 31.738019943237305, bpd: 0.1497381627559662
L_rec: 49.032310485839844, L_reg: 31.595008850097656, bpd: 0.14836814999580383
L_rec: 47.54753875732422, L_reg: 31.3360595703125, bpd: 0.14515940845012665
L_rec: 49.80088424682617, L_reg: 30.773900985717773, bpd: 0.14827147126197815
L_rec: 53.65488052368164, L_reg: 31.754541397094727, bpd: 0.15716804563999176
L_rec: 51.285438537597656, L_reg: 32.19330596923828, bpd: 0.15361525118350983
L_rec: 52.316925048828125, L_reg: 31.002593994140625, bpd: 0.1533222645521164
epoch = 48, loss = 0.1613570861518383
L_rec: 50.14515686035156, L_reg: 31.372220993041992, bpd: 0.1500060260295868
L_rec: 48.813018798828125, L_reg: 31.23594856262207, bpd: 0.14730387926101685
L_rec: 45.98921203613281, L_reg: 29.708255767822266, bpd: 0.13929638266563416
L_rec: 48.61982727050781, L_reg: 31.481552124023438, bpd: 0.14740031957626343
L_rec: 49.01976013183594, L_reg: 30.894054412841797, bpd: 0.14705517888069153
L_rec: 48.41581344604492, L_reg: 31.221460342407227, bpd: 0.14654628932476044
L_rec: 50.35626983642578, L_reg: 32.75428771972656, bpd: 0.15293774008750916
epoch = 49, loss = 0.16136631071567537
L_rec: 49.96058654785156, L_reg: 30.741783142089844, bpd: 0.1485062539577484
L_rec: 48.672508239746094, L_reg: 31.902442932128906, bpd: 0.14827178418636322
L_rec: 50.10960006713867, L_reg: 30.511098861694336, bpd: 0.14835596084594727
L_rec: 49.766624450683594, L_reg: 29.78848648071289, bpd: 0.14639510214328766
L_rec: 46.241477966308594, L_reg: 31.29824447631836, bpd: 0.14268642663955688
L_rec: 47.140098571777344, L_reg: 31.33440399169922, bpd: 0.14440660178661346
L_rec: 49.80133819580078, L_reg: 30.609676361083984, bpd: 0.14797011017799377
epoch = 50, loss = 0.161451281234622
L_rec: 47.89479064941406, L_reg: 30.572885513305664, bpd: 0.14439404010772705
L_rec: 48.29755783081055, L_reg: 31.54039764404297, bpd: 0.14691558480262756
L_rec: 48.67231750488281, L_reg: 31.678205490112305, bpd: 0.14785879850387573
L_rec: 47.93505096435547, L_reg: 31.038732528686523, bpd: 0.14532536268234253
L_rec: 47.80963897705078, L_reg: 30.90955924987793, bpd: 0.14485687017440796
L_rec: 48.769927978515625, L_reg: 30.767757415771484, bpd: 0.1463630348443985
L_rec: 48.9871711730957, L_reg: 31.968040466308594, bpd: 0.1489715278148651
epoch = 51, loss = 0.1613103736191988
L_rec: 47.46102523803711, L_reg: 31.84700584411621, bpd: 0.14594042301177979
L_rec: 49.07008361816406, L_reg: 32.39208221435547, bpd: 0.14990441501140594
L_rec: 47.828495025634766, L_reg: 30.83302116394043, bpd: 0.14475074410438538
L_rec: 49.3655891418457, L_reg: 31.317773818969727, bpd: 0.14847129583358765
L_rec: 49.868568420410156, L_reg: 31.11139678955078, bpd: 0.1490170657634735
L_rec: 47.60741424560547, L_reg: 30.717422485351562, bpd: 0.14413118362426758
L_rec: 50.17113494873047, L_reg: 31.976821899414062, bpd: 0.1511663794517517
epoch = 52, loss = 0.16144239977002145
L_rec: 45.388282775878906, L_reg: 30.53848648071289, bpd: 0.13971832394599915
L_rec: 49.166900634765625, L_reg: 31.375850677490234, bpd: 0.1482125222682953
L_rec: 48.6319465637207, L_reg: 31.04521942138672, bpd: 0.14661970734596252
L_rec: 52.992618560791016, L_reg: 31.825952529907227, bpd: 0.15608076751232147
L_rec: 49.76572799682617, L_reg: 31.40179443359375, bpd: 0.1493622064590454
L_rec: 50.127750396728516, L_reg: 32.25535583496094, bpd: 0.15159910917282104
L_rec: 52.18193817138672, L_reg: 31.111595153808594, bpd: 0.15327444672584534
epoch = 53, loss = 0.1610833950340748
L_rec: 47.492637634277344, L_reg: 31.593441009521484, bpd: 0.14553199708461761
L_rec: 47.051544189453125, L_reg: 30.59088134765625, bpd: 0.14287543296813965
L_rec: 48.56138610839844, L_reg: 31.966379165649414, bpd: 0.14818495512008667
L_rec: 44.99957275390625, L_reg: 29.8759765625, bpd: 0.13778391480445862
L_rec: 48.98040771484375, L_reg: 30.889694213867188, bpd: 0.14697474241256714
L_rec: 48.967769622802734, L_reg: 31.618728637695312, bpd: 0.14829303324222565
L_rec: 47.932796478271484, L_reg: 30.622028350830078, bpd: 0.14455440640449524
epoch = 54, loss = 0.1609791364520788
L_rec: 48.96934509277344, L_reg: 30.959278106689453, bpd: 0.14708241820335388
L_rec: 50.228050231933594, L_reg: 30.618656158447266, bpd: 0.14877186715602875
L_rec: 47.217315673828125, L_reg: 31.59512710571289, bpd: 0.1450284719467163
L_rec: 49.340553283691406, L_reg: 30.847118377685547, bpd: 0.14755910634994507
L_rec: 50.262054443359375, L_reg: 31.56737518310547, bpd: 0.1505802422761917
L_rec: 50.56114959716797, L_reg: 32.77980422973633, bpd: 0.1533617079257965
L_rec: 46.037261962890625, L_reg: 31.545547485351562, bpd: 0.14276573061943054
epoch = 55, loss = 0.16122775748372078
L_rec: 46.330379486083984, L_reg: 31.075077056884766, bpd: 0.1424393653869629
L_rec: 48.039127349853516, L_reg: 31.369556427001953, bpd: 0.1461256593465805
L_rec: 47.00727844238281, L_reg: 31.3028564453125, bpd: 0.14410413801670074
L_rec: 48.12269592285156, L_reg: 31.454429626464844, bpd: 0.14643561840057373
L_rec: 47.26221466064453, L_reg: 30.959943771362305, bpd: 0.1439422369003296
L_rec: 46.242897033691406, L_reg: 30.421424865722656, bpd: 0.14107555150985718
L_rec: 46.474971771240234, L_reg: 30.29281234741211, bpd: 0.14126594364643097
epoch = 56, loss = 0.1606358777731657
L_rec: 45.790855407714844, L_reg: 30.753873825073242, bpd: 0.14085547626018524
L_rec: 48.98223114013672, L_reg: 31.807052612304688, bpd: 0.14866620302200317
L_rec: 51.518638610839844, L_reg: 30.555614471435547, bpd: 0.1510307639837265
L_rec: 47.53258514404297, L_reg: 31.792200088500977, bpd: 0.14597126841545105
L_rec: 50.01979446411133, L_reg: 31.536359786987305, bpd: 0.15007737278938293
L_rec: 50.519142150878906, L_reg: 31.98320770263672, bpd: 0.15181852877140045
L_rec: 49.40291976928711, L_reg: 31.392349243164062, bpd: 0.14867721498012543
epoch = 57, loss = 0.16103719137609004
L_rec: 49.63569641113281, L_reg: 31.500869750976562, bpd: 0.14930525422096252
L_rec: 47.440757751464844, L_reg: 31.927974700927734, bpd: 0.14605212211608887
L_rec: 46.16352844238281, L_reg: 31.721115112304688, bpd: 0.14332115650177002
L_rec: 48.474815368652344, L_reg: 30.753427505493164, bpd: 0.145793616771698
L_rec: 50.19495391845703, L_reg: 32.38676834106445, bpd: 0.15196460485458374
L_rec: 49.369659423828125, L_reg: 32.315284729003906, bpd: 0.1503143608570099
L_rec: 47.033668518066406, L_reg: 30.57996940612793, bpd: 0.14282245934009552
epoch = 58, loss = 0.16113974750041962
L_rec: 48.29170608520508, L_reg: 31.359424591064453, bpd: 0.1465717852115631
L_rec: 49.63386535644531, L_reg: 31.929004669189453, bpd: 0.15008972585201263
L_rec: 47.42378234863281, L_reg: 31.09377670288086, bpd: 0.14448583126068115
L_rec: 49.925743103027344, L_reg: 30.879661560058594, bpd: 0.14869585633277893
L_rec: 46.631107330322266, L_reg: 30.96708869934082, bpd: 0.14279404282569885
L_rec: 50.24232482910156, L_reg: 30.388057708740234, bpd: 0.1483737826347351
L_rec: 48.90435791015625, L_reg: 32.32414627075195, bpd: 0.14947444200515747
epoch = 59, loss = 0.16076531670987607
L_rec: 50.267791748046875, L_reg: 31.310810089111328, bpd: 0.15011867880821228
L_rec: 50.30554962158203, L_reg: 31.886249542236328, bpd: 0.1512470543384552
L_rec: 46.66339111328125, L_reg: 31.478961944580078, bpd: 0.14379540085792542
L_rec: 49.73191452026367, L_reg: 31.90266227722168, bpd: 0.15022167563438416
L_rec: 49.558258056640625, L_reg: 30.843551635742188, bpd: 0.14795316755771637
L_rec: 53.18195724487305, L_reg: 31.7805233001709, bpd: 0.15634557604789734
L_rec: 51.95763397216797, L_reg: 32.36116027832031, bpd: 0.15516109764575958
epoch = 60, loss = 0.16086793541908265
L_rec: 48.59992980957031, L_reg: 31.052906036376953, bpd: 0.146574929356575
L_rec: 46.43566131591797, L_reg: 30.741382598876953, bpd: 0.14201906323432922
L_rec: 47.480018615722656, L_reg: 30.7457275390625, bpd: 0.14394882321357727
L_rec: 48.33722686767578, L_reg: 31.42003631591797, bpd: 0.14676709473133087
L_rec: 47.568939208984375, L_reg: 31.866294860839844, bpd: 0.14617449045181274
L_rec: 51.16851043701172, L_reg: 31.97699737548828, bpd: 0.1530020534992218
L_rec: 50.0636100769043, L_reg: 31.71867561340332, bpd: 0.15049348771572113
epoch = 61, loss = 0.16063196174800395
L_rec: 45.86909103393555, L_reg: 31.28432846069336, bpd: 0.14197558164596558
L_rec: 49.21837615966797, L_reg: 31.149585723876953, bpd: 0.14789089560508728
L_rec: 45.50341033935547, L_reg: 30.541969299316406, bpd: 0.13993659615516663
L_rec: 50.53165054321289, L_reg: 31.25958251953125, bpd: 0.15050995349884033
L_rec: 50.46274948120117, L_reg: 31.783405303955078, bpd: 0.1513471007347107
L_rec: 50.071136474609375, L_reg: 31.342487335205078, bpd: 0.14981508255004883
L_rec: 49.96038818359375, L_reg: 31.636707305908203, bpd: 0.15015271306037903
epoch = 62, loss = 0.1609295755624771
L_rec: 46.92644500732422, L_reg: 31.114545822143555, bpd: 0.14360886812210083
L_rec: 48.347984313964844, L_reg: 30.417247772216797, bpd: 0.14494158327579498
L_rec: 47.346153259277344, L_reg: 32.549503326416016, bpd: 0.14702177047729492
L_rec: 51.21030044555664, L_reg: 33.386260986328125, bpd: 0.15567223727703094
L_rec: 50.22976303100586, L_reg: 31.06495475769043, bpd: 0.14959627389907837
L_rec: 47.06122589111328, L_reg: 30.855485916137695, bpd: 0.14338016510009766
L_rec: 49.22693634033203, L_reg: 31.821531295776367, bpd: 0.14914312958717346
epoch = 63, loss = 0.1606821697205305
L_rec: 49.63407516479492, L_reg: 31.476821899414062, bpd: 0.14925801753997803
L_rec: 47.73624038696289, L_reg: 32.234676361083984, bpd: 0.14716026186943054
L_rec: 52.12517547607422, L_reg: 31.74124526977539, bpd: 0.15432867407798767
L_rec: 48.59992599487305, L_reg: 31.397449493408203, bpd: 0.14720894396305084
L_rec: 51.181846618652344, L_reg: 31.49271583557129, bpd: 0.15213543176651
L_rec: 46.85490036010742, L_reg: 31.665449142456055, bpd: 0.14449095726013184
L_rec: 48.37815856933594, L_reg: 31.080177307128906, bpd: 0.14621701836585999
epoch = 64, loss = 0.16081078872084617
L_rec: 48.72917175292969, L_reg: 31.42621612548828, bpd: 0.1474997103214264
L_rec: 48.22608184814453, L_reg: 31.371681213378906, bpd: 0.14647358655929565
L_rec: 52.839752197265625, L_reg: 32.56793975830078, bpd: 0.15716485679149628
L_rec: 48.45061492919922, L_reg: 30.71454429626465, bpd: 0.14567753672599792
L_rec: 47.75910568237305, L_reg: 31.513362884521484, bpd: 0.1458750069141388
L_rec: 49.17908477783203, L_reg: 31.46377944946289, bpd: 0.14839676022529602
L_rec: 46.52088165283203, L_reg: 31.751461029052734, bpd: 0.14403457939624786
epoch = 65, loss = 0.1605348389595747
L_rec: 48.40929412841797, L_reg: 31.870994567871094, bpd: 0.1477295607328415
L_rec: 46.748817443847656, L_reg: 30.78799057006836, bpd: 0.1426810622215271
L_rec: 46.60466003417969, L_reg: 32.17921447753906, bpd: 0.14497588574886322
L_rec: 48.8388671875, L_reg: 31.95553207397461, bpd: 0.1486756056547165
L_rec: 47.42030715942383, L_reg: 31.185354232788086, bpd: 0.14464795589447021
L_rec: 46.982154846191406, L_reg: 31.52046775817871, bpd: 0.1444583386182785
L_rec: 47.85447692871094, L_reg: 31.78143882751465, bpd: 0.14654380083084106
epoch = 66, loss = 0.16090141721069812
L_rec: 47.259422302246094, L_reg: 31.971220016479492, bpd: 0.14579802751541138
L_rec: 48.60301208496094, L_reg: 30.589149475097656, bpd: 0.1457272171974182
L_rec: 46.57213592529297, L_reg: 31.2845401763916, bpd: 0.14326968789100647
L_rec: 47.84829330444336, L_reg: 31.31770896911621, bpd: 0.1456790715456009
L_rec: 47.99271774291992, L_reg: 32.084564208984375, bpd: 0.14735597372055054
L_rec: 48.836265563964844, L_reg: 32.352840423583984, bpd: 0.1494019329547882
L_rec: 48.88572311401367, L_reg: 31.655292510986328, bpd: 0.1482093334197998
epoch = 67, loss = 0.1603010840713978
L_rec: 46.330711364746094, L_reg: 31.15100860595703, bpd: 0.14257970452308655
L_rec: 46.13433074951172, L_reg: 31.366119384765625, bpd: 0.14261415600776672
L_rec: 50.579795837402344, L_reg: 31.668865203857422, bpd: 0.1513516902923584
L_rec: 48.34574890136719, L_reg: 31.428171157836914, bpd: 0.14679774641990662
L_rec: 48.191001892089844, L_reg: 31.190074920654297, bpd: 0.14607486128807068
L_rec: 46.77716827392578, L_reg: 32.07532501220703, bpd: 0.14510217308998108
L_rec: 47.29350280761719, L_reg: 31.47366714477539, bpd: 0.1449451595544815
epoch = 68, loss = 0.16069571897387505
L_rec: 46.35293960571289, L_reg: 30.97573471069336, bpd: 0.14229807257652283
L_rec: 45.44058609008789, L_reg: 31.77146339416504, bpd: 0.14208346605300903
L_rec: 52.14961242675781, L_reg: 31.722244262695312, bpd: 0.15433865785598755
L_rec: 47.83705139160156, L_reg: 31.13190460205078, bpd: 0.1453164666891098
L_rec: 50.57634735107422, L_reg: 31.877212524414062, bpd: 0.15172874927520752
L_rec: 51.20635223388672, L_reg: 31.719017028808594, bpd: 0.15259696543216705
L_rec: 46.445960998535156, L_reg: 31.41863250732422, bpd: 0.14328426122665405
epoch = 69, loss = 0.16026391722261907
L_rec: 49.58351516723633, L_reg: 31.27330780029297, bpd: 0.14879047870635986
L_rec: 48.86659240722656, L_reg: 31.663982391357422, bpd: 0.14819011092185974
L_rec: 47.3343505859375, L_reg: 32.165992736816406, bpd: 0.14629432559013367
L_rec: 45.36196517944336, L_reg: 31.235212326049805, bpd: 0.1409519910812378
L_rec: 48.80006790161133, L_reg: 31.287242889404297, bpd: 0.1473744511604309
L_rec: 50.88314437866211, L_reg: 32.32871627807617, bpd: 0.1531241536140442
L_rec: 45.90650177001953, L_reg: 30.752227783203125, bpd: 0.14106526970863342
epoch = 70, loss = 0.16055546663701534
L_rec: 44.029788970947266, L_reg: 31.258460998535156, bpd: 0.13854333758354187
L_rec: 47.002952575683594, L_reg: 32.04997253417969, bpd: 0.1454709768295288
L_rec: 47.86332702636719, L_reg: 31.131174087524414, bpd: 0.1453634798526764
L_rec: 49.2036018371582, L_reg: 31.697635650634766, bpd: 0.14887221157550812
L_rec: 47.63539123535156, L_reg: 31.862293243408203, bpd: 0.1462894231081009
L_rec: 44.69961929321289, L_reg: 32.31534957885742, bpd: 0.14172080159187317
L_rec: 50.123695373535156, L_reg: 31.791627883911133, bpd: 0.15073829889297485
epoch = 71, loss = 0.16055176556110382
L_rec: 45.81917953491211, L_reg: 32.03618621826172, bpd: 0.14326727390289307
L_rec: 49.33765411376953, L_reg: 31.162960052490234, bpd: 0.1481349766254425
L_rec: 47.48554229736328, L_reg: 32.09447479248047, bpd: 0.14644092321395874
L_rec: 49.993255615234375, L_reg: 32.047542572021484, bpd: 0.15096919238567352
L_rec: 47.783172607421875, L_reg: 30.914913177490234, bpd: 0.1448180377483368
L_rec: 46.45735168457031, L_reg: 31.844104766845703, bpd: 0.14408817887306213
L_rec: 46.00831604003906, L_reg: 32.13489532470703, bpd: 0.14379695057868958
epoch = 72, loss = 0.16046663485467433
L_rec: 45.13026428222656, L_reg: 32.22389221191406, bpd: 0.14234498143196106
L_rec: 49.236427307128906, L_reg: 31.73486328125, bpd: 0.1490011215209961
L_rec: 45.35014343261719, L_reg: 31.733640670776367, bpd: 0.1418474316596985
L_rec: 46.2886848449707, L_reg: 30.79977798461914, bpd: 0.14185604453086853
L_rec: 44.94593048095703, L_reg: 32.056495666503906, bpd: 0.1416977345943451
L_rec: 50.845619201660156, L_reg: 30.908939361572266, bpd: 0.1504424512386322
L_rec: 47.61442184448242, L_reg: 31.43936538696289, bpd: 0.14547257125377655
epoch = 73, loss = 0.16058862246572972
L_rec: 46.291969299316406, L_reg: 30.922758102416992, bpd: 0.1420883983373642
L_rec: 45.81219482421875, L_reg: 31.88062286376953, bpd: 0.14296817779541016
L_rec: 45.862300872802734, L_reg: 30.641536712646484, bpd: 0.1407802402973175
L_rec: 48.4159049987793, L_reg: 31.8445987701416, bpd: 0.14769315719604492
L_rec: 46.08924102783203, L_reg: 31.490650177001953, bpd: 0.14276035130023956
L_rec: 49.663734436035156, L_reg: 32.25703811645508, bpd: 0.1507483422756195
L_rec: 46.57972717285156, L_reg: 31.349071502685547, bpd: 0.14340242743492126
epoch = 74, loss = 0.1612028356641531
L_rec: 47.59370803833008, L_reg: 31.698688507080078, bpd: 0.14591166377067566
L_rec: 48.135536193847656, L_reg: 32.0670166015625, bpd: 0.14758649468421936
L_rec: 48.46784210205078, L_reg: 30.825881958007812, bpd: 0.14591410756111145
L_rec: 44.89386749267578, L_reg: 31.570701599121094, bpd: 0.14070796966552734
L_rec: 49.000675201416016, L_reg: 31.969961166381836, bpd: 0.1489999145269394
L_rec: 48.386287689208984, L_reg: 32.03850173950195, bpd: 0.1479954719543457
L_rec: 49.57000732421875, L_reg: 31.51195526123047, bpd: 0.1492047756910324
epoch = 75, loss = 0.1603319115936756
L_rec: 47.272003173828125, L_reg: 31.606168746948242, bpd: 0.14514940977096558
L_rec: 46.538490295410156, L_reg: 31.570783615112305, bpd: 0.14373451471328735
L_rec: 47.8137092590332, L_reg: 31.166065216064453, bpd: 0.14533638954162598
L_rec: 46.37213134765625, L_reg: 31.896238327026367, bpd: 0.14402727782726288
L_rec: 47.28004455566406, L_reg: 30.967321395874023, bpd: 0.14398862421512604
L_rec: 48.28504943847656, L_reg: 30.852739334106445, bpd: 0.14562717080116272
L_rec: 44.64434814453125, L_reg: 31.089069366455078, bpd: 0.13936251401901245
epoch = 76, loss = 0.1602051042020321
L_rec: 46.903289794921875, L_reg: 31.884550094604492, bpd: 0.1449831873178482
L_rec: 51.27804183959961, L_reg: 31.95159912109375, bpd: 0.15315687656402588
L_rec: 49.8620491027832, L_reg: 31.70269012451172, bpd: 0.1500931680202484
L_rec: 49.30741500854492, L_reg: 32.328041076660156, bpd: 0.15022329986095428
L_rec: 49.396766662597656, L_reg: 31.278118133544922, bpd: 0.1484556794166565
L_rec: 49.75666046142578, L_reg: 31.76003646850586, bpd: 0.15000474452972412
L_rec: 46.95530700683594, L_reg: 32.27710723876953, bpd: 0.14580127596855164
epoch = 77, loss = 0.16068644486367703
L_rec: 45.43878173828125, L_reg: 30.94829559326172, bpd: 0.14056536555290222
L_rec: 47.61125183105469, L_reg: 31.181838989257812, bpd: 0.144992858171463
L_rec: 48.963897705078125, L_reg: 31.381507873535156, bpd: 0.14784938097000122
L_rec: 47.28602600097656, L_reg: 31.910717010498047, bpd: 0.14573565125465393
L_rec: 45.614097595214844, L_reg: 31.657421112060547, bpd: 0.14219290018081665
L_rec: 45.358238220214844, L_reg: 32.273719787597656, bpd: 0.142856165766716
L_rec: 49.582340240478516, L_reg: 32.59146499633789, bpd: 0.15121395885944366
epoch = 78, loss = 0.16013737618923188
L_rec: 49.05658721923828, L_reg: 32.523460388183594, bpd: 0.15012133121490479
L_rec: 46.08353805541992, L_reg: 31.77142906188965, bpd: 0.14326654374599457
L_rec: 49.22539520263672, L_reg: 31.888416290283203, bpd: 0.1492633819580078
L_rec: 49.10907745361328, L_reg: 31.678312301635742, bpd: 0.1486627161502838
L_rec: 48.0050048828125, L_reg: 31.122703552246094, bpd: 0.14560860395431519
L_rec: 46.06463623046875, L_reg: 32.100006103515625, bpd: 0.1438363939523697
L_rec: 47.86827850341797, L_reg: 31.80095672607422, bpd: 0.14660511910915375
epoch = 79, loss = 0.16051514483988286
L_rec: 48.01893615722656, L_reg: 31.260765075683594, bpd: 0.1458882987499237
L_rec: 47.22319793701172, L_reg: 32.15606689453125, bpd: 0.14607152342796326
L_rec: 47.007747650146484, L_reg: 31.162052154541016, bpd: 0.14384588599205017
L_rec: 48.16914367675781, L_reg: 32.21205139160156, bpd: 0.14791524410247803
L_rec: 48.24905014038086, L_reg: 31.920461654663086, bpd: 0.14752569794654846
L_rec: 47.42411804199219, L_reg: 32.23465347290039, bpd: 0.1465858519077301
L_rec: 45.788330078125, L_reg: 31.76556396484375, bpd: 0.1427125334739685
epoch = 80, loss = 0.16009586714208127
Best epoch: 80. Load model for testing.
Done
